<?xml version="1.0" encoding="UTF-8"?>
<testsuite xmlns:xsi="http://www.w3.org/2001/XMLSchema-instance" xsi:noNamespaceSchemaLocation="https://maven.apache.org/surefire/maven-surefire-plugin/xsd/surefire-test-report.xsd" version="3.0.2" name="com.gavayam.gconfigserver.GconfigserverApplicationTests" time="16.396" tests="1" errors="0" skipped="0" failures="0">
  <properties>
    <property name="java.specification.version" value="21"/>
    <property name="sun.jnu.encoding" value="UTF-8"/>
    <property name="java.class.path" value="/media/ehd/project/gavayam/gavayam-configserver/target/test-classes:/media/ehd/project/gavayam/gavayam-configserver/target/classes:/media/ehd/zEhdOnly/java_repository/io/opentelemetry/javaagent/opentelemetry-javaagent/1.33.5/opentelemetry-javaagent-1.33.5.jar:/media/ehd/zEhdOnly/java_repository/io/micrometer/micrometer-registry-prometheus/1.13.3/micrometer-registry-prometheus-1.13.3.jar:/media/ehd/zEhdOnly/java_repository/io/micrometer/micrometer-core/1.13.3/micrometer-core-1.13.3.jar:/media/ehd/zEhdOnly/java_repository/io/micrometer/micrometer-commons/1.13.3/micrometer-commons-1.13.3.jar:/media/ehd/zEhdOnly/java_repository/org/hdrhistogram/HdrHistogram/2.2.2/HdrHistogram-2.2.2.jar:/media/ehd/zEhdOnly/java_repository/org/latencyutils/LatencyUtils/2.0.3/LatencyUtils-2.0.3.jar:/media/ehd/zEhdOnly/java_repository/io/prometheus/prometheus-metrics-core/1.3.6/prometheus-metrics-core-1.3.6.jar:/media/ehd/zEhdOnly/java_repository/io/prometheus/prometheus-metrics-model/1.3.6/prometheus-metrics-model-1.3.6.jar:/media/ehd/zEhdOnly/java_repository/io/prometheus/prometheus-metrics-config/1.3.6/prometheus-metrics-config-1.3.6.jar:/media/ehd/zEhdOnly/java_repository/io/prometheus/prometheus-metrics-tracer-common/1.3.6/prometheus-metrics-tracer-common-1.3.6.jar:/media/ehd/zEhdOnly/java_repository/io/prometheus/prometheus-metrics-exposition-formats/1.3.6/prometheus-metrics-exposition-formats-1.3.6.jar:/media/ehd/zEhdOnly/java_repository/io/prometheus/prometheus-metrics-exposition-textformats/1.3.6/prometheus-metrics-exposition-textformats-1.3.6.jar:/media/ehd/zEhdOnly/java_repository/org/springframework/cloud/spring-cloud-config-server/4.2.1/spring-cloud-config-server-4.2.1.jar:/media/ehd/zEhdOnly/java_repository/org/springframework/cloud/spring-cloud-config-client/4.2.1/spring-cloud-config-client-4.2.1.jar:/media/ehd/zEhdOnly/java_repository/org/springframework/cloud/spring-cloud-starter/4.2.1/spring-cloud-starter-4.2.1.jar:/media/ehd/zEhdOnly/java_repository/org/springframework/cloud/spring-cloud-context/4.2.1/spring-cloud-context-4.2.1.jar:/media/ehd/zEhdOnly/java_repository/org/springframework/cloud/spring-cloud-commons/4.2.1/spring-cloud-commons-4.2.1.jar:/media/ehd/zEhdOnly/java_repository/org/bouncycastle/bcprov-jdk18on/1.78.1/bcprov-jdk18on-1.78.1.jar:/media/ehd/zEhdOnly/java_repository/org/springframework/spring-web/6.2.5/spring-web-6.2.5.jar:/media/ehd/zEhdOnly/java_repository/org/springframework/spring-beans/6.2.5/spring-beans-6.2.5.jar:/media/ehd/zEhdOnly/java_repository/com/fasterxml/jackson/core/jackson-annotations/2.18.3/jackson-annotations-2.18.3.jar:/media/ehd/zEhdOnly/java_repository/com/fasterxml/jackson/core/jackson-databind/2.18.3/jackson-databind-2.18.3.jar:/media/ehd/zEhdOnly/java_repository/io/micrometer/micrometer-observation/1.13.3/micrometer-observation-1.13.3.jar:/media/ehd/zEhdOnly/java_repository/org/springframework/boot/spring-boot-starter-web/3.4.4/spring-boot-starter-web-3.4.4.jar:/media/ehd/zEhdOnly/java_repository/org/springframework/boot/spring-boot-starter-json/3.4.4/spring-boot-starter-json-3.4.4.jar:/media/ehd/zEhdOnly/java_repository/com/fasterxml/jackson/datatype/jackson-datatype-jdk8/2.18.3/jackson-datatype-jdk8-2.18.3.jar:/media/ehd/zEhdOnly/java_repository/com/fasterxml/jackson/module/jackson-module-parameter-names/2.18.3/jackson-module-parameter-names-2.18.3.jar:/media/ehd/zEhdOnly/java_repository/org/springframework/boot/spring-boot-starter-tomcat/3.4.4/spring-boot-starter-tomcat-3.4.4.jar:/media/ehd/zEhdOnly/java_repository/org/apache/tomcat/embed/tomcat-embed-core/10.1.39/tomcat-embed-core-10.1.39.jar:/media/ehd/zEhdOnly/java_repository/org/apache/tomcat/embed/tomcat-embed-websocket/10.1.39/tomcat-embed-websocket-10.1.39.jar:/media/ehd/zEhdOnly/java_repository/org/springframework/spring-webmvc/6.2.5/spring-webmvc-6.2.5.jar:/media/ehd/zEhdOnly/java_repository/org/springframework/spring-aop/6.2.5/spring-aop-6.2.5.jar:/media/ehd/zEhdOnly/java_repository/org/springframework/spring-expression/6.2.5/spring-expression-6.2.5.jar:/media/ehd/zEhdOnly/java_repository/org/springframework/boot/spring-boot-starter-validation/3.4.4/spring-boot-starter-validation-3.4.4.jar:/media/ehd/zEhdOnly/java_repository/org/apache/tomcat/embed/tomcat-embed-el/10.1.39/tomcat-embed-el-10.1.39.jar:/media/ehd/zEhdOnly/java_repository/org/hibernate/validator/hibernate-validator/8.0.2.Final/hibernate-validator-8.0.2.Final.jar:/media/ehd/zEhdOnly/java_repository/jakarta/validation/jakarta.validation-api/3.0.2/jakarta.validation-api-3.0.2.jar:/media/ehd/zEhdOnly/java_repository/org/jboss/logging/jboss-logging/3.6.1.Final/jboss-logging-3.6.1.Final.jar:/media/ehd/zEhdOnly/java_repository/com/fasterxml/classmate/1.7.0/classmate-1.7.0.jar:/media/ehd/zEhdOnly/java_repository/org/springframework/security/spring-security-crypto/6.4.4/spring-security-crypto-6.4.4.jar:/media/ehd/zEhdOnly/java_repository/org/apache/httpcomponents/client5/httpclient5/5.4.2/httpclient5-5.4.2.jar:/media/ehd/zEhdOnly/java_repository/org/apache/httpcomponents/core5/httpcore5/5.3.3/httpcore5-5.3.3.jar:/media/ehd/zEhdOnly/java_repository/org/apache/httpcomponents/core5/httpcore5-h2/5.3.3/httpcore5-h2-5.3.3.jar:/media/ehd/zEhdOnly/java_repository/org/slf4j/slf4j-api/2.0.17/slf4j-api-2.0.17.jar:/media/ehd/zEhdOnly/java_repository/org/eclipse/jgit/org.eclipse.jgit/6.10.0.202406032230-r/org.eclipse.jgit-6.10.0.202406032230-r.jar:/media/ehd/zEhdOnly/java_repository/com/googlecode/javaewah/JavaEWAH/1.2.3/JavaEWAH-1.2.3.jar:/media/ehd/zEhdOnly/java_repository/commons-codec/commons-codec/1.17.2/commons-codec-1.17.2.jar:/media/ehd/zEhdOnly/java_repository/org/eclipse/jgit/org.eclipse.jgit.http.apache/6.10.0.202406032230-r/org.eclipse.jgit.http.apache-6.10.0.202406032230-r.jar:/media/ehd/zEhdOnly/java_repository/org/apache/httpcomponents/httpclient/4.5.14/httpclient-4.5.14.jar:/media/ehd/zEhdOnly/java_repository/commons-logging/commons-logging/1.2/commons-logging-1.2.jar:/media/ehd/zEhdOnly/java_repository/org/apache/httpcomponents/httpcore/4.4.16/httpcore-4.4.16.jar:/media/ehd/zEhdOnly/java_repository/org/eclipse/jgit/org.eclipse.jgit.ssh.apache/6.10.0.202406032230-r/org.eclipse.jgit.ssh.apache-6.10.0.202406032230-r.jar:/media/ehd/zEhdOnly/java_repository/org/apache/sshd/sshd-osgi/2.12.1/sshd-osgi-2.12.1.jar:/media/ehd/zEhdOnly/java_repository/org/slf4j/jcl-over-slf4j/2.0.17/jcl-over-slf4j-2.0.17.jar:/media/ehd/zEhdOnly/java_repository/org/apache/sshd/sshd-sftp/2.12.1/sshd-sftp-2.12.1.jar:/media/ehd/zEhdOnly/java_repository/net/i2p/crypto/eddsa/0.3.0/eddsa-0.3.0.jar:/media/ehd/zEhdOnly/java_repository/org/yaml/snakeyaml/2.3/snakeyaml-2.3.jar:/media/ehd/zEhdOnly/java_repository/com/fasterxml/jackson/dataformat/jackson-dataformat-yaml/2.18.3/jackson-dataformat-yaml-2.18.3.jar:/media/ehd/zEhdOnly/java_repository/com/fasterxml/jackson/core/jackson-core/2.18.3/jackson-core-2.18.3.jar:/media/ehd/zEhdOnly/java_repository/org/springframework/boot/spring-boot-starter/3.4.4/spring-boot-starter-3.4.4.jar:/media/ehd/zEhdOnly/java_repository/org/springframework/boot/spring-boot/3.4.4/spring-boot-3.4.4.jar:/media/ehd/zEhdOnly/java_repository/org/springframework/spring-context/6.2.5/spring-context-6.2.5.jar:/media/ehd/zEhdOnly/java_repository/org/springframework/boot/spring-boot-autoconfigure/3.4.4/spring-boot-autoconfigure-3.4.4.jar:/media/ehd/zEhdOnly/java_repository/org/springframework/boot/spring-boot-starter-logging/3.4.4/spring-boot-starter-logging-3.4.4.jar:/media/ehd/zEhdOnly/java_repository/ch/qos/logback/logback-classic/1.5.18/logback-classic-1.5.18.jar:/media/ehd/zEhdOnly/java_repository/ch/qos/logback/logback-core/1.5.18/logback-core-1.5.18.jar:/media/ehd/zEhdOnly/java_repository/org/apache/logging/log4j/log4j-to-slf4j/2.24.3/log4j-to-slf4j-2.24.3.jar:/media/ehd/zEhdOnly/java_repository/org/apache/logging/log4j/log4j-api/2.24.3/log4j-api-2.24.3.jar:/media/ehd/zEhdOnly/java_repository/org/slf4j/jul-to-slf4j/2.0.17/jul-to-slf4j-2.0.17.jar:/media/ehd/zEhdOnly/java_repository/jakarta/annotation/jakarta.annotation-api/2.1.1/jakarta.annotation-api-2.1.1.jar:/media/ehd/zEhdOnly/java_repository/org/springframework/spring-core/6.2.5/spring-core-6.2.5.jar:/media/ehd/zEhdOnly/java_repository/org/springframework/spring-jcl/6.2.5/spring-jcl-6.2.5.jar:/media/ehd/zEhdOnly/java_repository/org/springframework/boot/spring-boot-starter-test/3.4.4/spring-boot-starter-test-3.4.4.jar:/media/ehd/zEhdOnly/java_repository/org/springframework/boot/spring-boot-test/3.4.4/spring-boot-test-3.4.4.jar:/media/ehd/zEhdOnly/java_repository/org/springframework/boot/spring-boot-test-autoconfigure/3.4.4/spring-boot-test-autoconfigure-3.4.4.jar:/media/ehd/zEhdOnly/java_repository/com/jayway/jsonpath/json-path/2.9.0/json-path-2.9.0.jar:/media/ehd/zEhdOnly/java_repository/jakarta/xml/bind/jakarta.xml.bind-api/4.0.2/jakarta.xml.bind-api-4.0.2.jar:/media/ehd/zEhdOnly/java_repository/jakarta/activation/jakarta.activation-api/2.1.3/jakarta.activation-api-2.1.3.jar:/media/ehd/zEhdOnly/java_repository/net/minidev/json-smart/2.5.2/json-smart-2.5.2.jar:/media/ehd/zEhdOnly/java_repository/net/minidev/accessors-smart/2.5.2/accessors-smart-2.5.2.jar:/media/ehd/zEhdOnly/java_repository/org/ow2/asm/asm/9.7.1/asm-9.7.1.jar:/media/ehd/zEhdOnly/java_repository/org/assertj/assertj-core/3.26.3/assertj-core-3.26.3.jar:/media/ehd/zEhdOnly/java_repository/net/bytebuddy/byte-buddy/1.15.11/byte-buddy-1.15.11.jar:/media/ehd/zEhdOnly/java_repository/org/awaitility/awaitility/4.2.2/awaitility-4.2.2.jar:/media/ehd/zEhdOnly/java_repository/org/hamcrest/hamcrest/2.2/hamcrest-2.2.jar:/media/ehd/zEhdOnly/java_repository/org/junit/jupiter/junit-jupiter/5.11.0/junit-jupiter-5.11.0.jar:/media/ehd/zEhdOnly/java_repository/org/junit/jupiter/junit-jupiter-api/5.11.4/junit-jupiter-api-5.11.4.jar:/media/ehd/zEhdOnly/java_repository/org/opentest4j/opentest4j/1.3.0/opentest4j-1.3.0.jar:/media/ehd/zEhdOnly/java_repository/org/junit/platform/junit-platform-commons/1.11.4/junit-platform-commons-1.11.4.jar:/media/ehd/zEhdOnly/java_repository/org/apiguardian/apiguardian-api/1.1.2/apiguardian-api-1.1.2.jar:/media/ehd/zEhdOnly/java_repository/org/junit/jupiter/junit-jupiter-params/5.11.4/junit-jupiter-params-5.11.4.jar:/media/ehd/zEhdOnly/java_repository/org/junit/jupiter/junit-jupiter-engine/5.11.4/junit-jupiter-engine-5.11.4.jar:/media/ehd/zEhdOnly/java_repository/org/junit/platform/junit-platform-engine/1.11.4/junit-platform-engine-1.11.4.jar:/media/ehd/zEhdOnly/java_repository/org/mockito/mockito-core/5.14.2/mockito-core-5.14.2.jar:/media/ehd/zEhdOnly/java_repository/net/bytebuddy/byte-buddy-agent/1.15.11/byte-buddy-agent-1.15.11.jar:/media/ehd/zEhdOnly/java_repository/org/objenesis/objenesis/3.3/objenesis-3.3.jar:/media/ehd/zEhdOnly/java_repository/org/mockito/mockito-junit-jupiter/5.14.2/mockito-junit-jupiter-5.14.2.jar:/media/ehd/zEhdOnly/java_repository/org/skyscreamer/jsonassert/1.5.3/jsonassert-1.5.3.jar:/media/ehd/zEhdOnly/java_repository/com/vaadin/external/google/android-json/0.0.20131108.vaadin1/android-json-0.0.20131108.vaadin1.jar:/media/ehd/zEhdOnly/java_repository/org/springframework/spring-test/6.2.5/spring-test-6.2.5.jar:/media/ehd/zEhdOnly/java_repository/org/xmlunit/xmlunit-core/2.10.0/xmlunit-core-2.10.0.jar:/media/ehd/zEhdOnly/java_repository/org/springframework/boot/spring-boot-starter-actuator/3.4.4/spring-boot-starter-actuator-3.4.4.jar:/media/ehd/zEhdOnly/java_repository/org/springframework/boot/spring-boot-actuator-autoconfigure/3.4.4/spring-boot-actuator-autoconfigure-3.4.4.jar:/media/ehd/zEhdOnly/java_repository/org/springframework/boot/spring-boot-actuator/3.4.4/spring-boot-actuator-3.4.4.jar:/media/ehd/zEhdOnly/java_repository/com/fasterxml/jackson/datatype/jackson-datatype-jsr310/2.18.3/jackson-datatype-jsr310-2.18.3.jar:/media/ehd/zEhdOnly/java_repository/io/micrometer/micrometer-jakarta9/1.13.3/micrometer-jakarta9-1.13.3.jar:"/>
    <property name="LOGBACK_ROLLINGPOLICY_MAX_FILE_SIZE" value="5242880"/>
    <property name="LOGBACK_ROLLINGPOLICY_FILE_NAME_PATTERN" value="/home/uulin/gavayam/GM-CONFIG-SERVICE-%d{yyyy-MM-dd}.%i.log"/>
    <property name="java.vm.vendor" value="OpenLogic-OpenJDK"/>
    <property name="LOG_PATH" value="/home/uulin/"/>
    <property name="sun.arch.data.model" value="64"/>
    <property name="java.vendor.url" value="https://openlogic.com/"/>
    <property name="user.timezone" value="Asia/Kolkata"/>
    <property name="org.jboss.logging.provider" value="slf4j"/>
    <property name="os.name" value="Linux"/>
    <property name="java.vm.specification.version" value="21"/>
    <property name="APPLICATION_NAME" value="GM-CONFIG-SERVICE"/>
    <property name="user.country" value="US"/>
    <property name="sun.java.launcher" value="SUN_STANDARD"/>
    <property name="sun.boot.library.path" value="/media/ehd/os_linux/openlogic-openjdk-21.0.5+11/lib"/>
    <property name="sun.java.command" value="/media/ehd/project/gavayam/gavayam-configserver/target/surefire/surefirebooter-20250503220207658_3.jar /media/ehd/project/gavayam/gavayam-configserver/target/surefire 2025-05-03T22-02-07_379-jvmRun1 surefire-20250503220207658_1tmp surefire_0-20250503220207658_2tmp"/>
    <property name="jdk.debug" value="release"/>
    <property name="surefire.test.class.path" value="/media/ehd/project/gavayam/gavayam-configserver/target/test-classes:/media/ehd/project/gavayam/gavayam-configserver/target/classes:/media/ehd/zEhdOnly/java_repository/io/opentelemetry/javaagent/opentelemetry-javaagent/1.33.5/opentelemetry-javaagent-1.33.5.jar:/media/ehd/zEhdOnly/java_repository/io/micrometer/micrometer-registry-prometheus/1.13.3/micrometer-registry-prometheus-1.13.3.jar:/media/ehd/zEhdOnly/java_repository/io/micrometer/micrometer-core/1.13.3/micrometer-core-1.13.3.jar:/media/ehd/zEhdOnly/java_repository/io/micrometer/micrometer-commons/1.13.3/micrometer-commons-1.13.3.jar:/media/ehd/zEhdOnly/java_repository/org/hdrhistogram/HdrHistogram/2.2.2/HdrHistogram-2.2.2.jar:/media/ehd/zEhdOnly/java_repository/org/latencyutils/LatencyUtils/2.0.3/LatencyUtils-2.0.3.jar:/media/ehd/zEhdOnly/java_repository/io/prometheus/prometheus-metrics-core/1.3.6/prometheus-metrics-core-1.3.6.jar:/media/ehd/zEhdOnly/java_repository/io/prometheus/prometheus-metrics-model/1.3.6/prometheus-metrics-model-1.3.6.jar:/media/ehd/zEhdOnly/java_repository/io/prometheus/prometheus-metrics-config/1.3.6/prometheus-metrics-config-1.3.6.jar:/media/ehd/zEhdOnly/java_repository/io/prometheus/prometheus-metrics-tracer-common/1.3.6/prometheus-metrics-tracer-common-1.3.6.jar:/media/ehd/zEhdOnly/java_repository/io/prometheus/prometheus-metrics-exposition-formats/1.3.6/prometheus-metrics-exposition-formats-1.3.6.jar:/media/ehd/zEhdOnly/java_repository/io/prometheus/prometheus-metrics-exposition-textformats/1.3.6/prometheus-metrics-exposition-textformats-1.3.6.jar:/media/ehd/zEhdOnly/java_repository/org/springframework/cloud/spring-cloud-config-server/4.2.1/spring-cloud-config-server-4.2.1.jar:/media/ehd/zEhdOnly/java_repository/org/springframework/cloud/spring-cloud-config-client/4.2.1/spring-cloud-config-client-4.2.1.jar:/media/ehd/zEhdOnly/java_repository/org/springframework/cloud/spring-cloud-starter/4.2.1/spring-cloud-starter-4.2.1.jar:/media/ehd/zEhdOnly/java_repository/org/springframework/cloud/spring-cloud-context/4.2.1/spring-cloud-context-4.2.1.jar:/media/ehd/zEhdOnly/java_repository/org/springframework/cloud/spring-cloud-commons/4.2.1/spring-cloud-commons-4.2.1.jar:/media/ehd/zEhdOnly/java_repository/org/bouncycastle/bcprov-jdk18on/1.78.1/bcprov-jdk18on-1.78.1.jar:/media/ehd/zEhdOnly/java_repository/org/springframework/spring-web/6.2.5/spring-web-6.2.5.jar:/media/ehd/zEhdOnly/java_repository/org/springframework/spring-beans/6.2.5/spring-beans-6.2.5.jar:/media/ehd/zEhdOnly/java_repository/com/fasterxml/jackson/core/jackson-annotations/2.18.3/jackson-annotations-2.18.3.jar:/media/ehd/zEhdOnly/java_repository/com/fasterxml/jackson/core/jackson-databind/2.18.3/jackson-databind-2.18.3.jar:/media/ehd/zEhdOnly/java_repository/io/micrometer/micrometer-observation/1.13.3/micrometer-observation-1.13.3.jar:/media/ehd/zEhdOnly/java_repository/org/springframework/boot/spring-boot-starter-web/3.4.4/spring-boot-starter-web-3.4.4.jar:/media/ehd/zEhdOnly/java_repository/org/springframework/boot/spring-boot-starter-json/3.4.4/spring-boot-starter-json-3.4.4.jar:/media/ehd/zEhdOnly/java_repository/com/fasterxml/jackson/datatype/jackson-datatype-jdk8/2.18.3/jackson-datatype-jdk8-2.18.3.jar:/media/ehd/zEhdOnly/java_repository/com/fasterxml/jackson/module/jackson-module-parameter-names/2.18.3/jackson-module-parameter-names-2.18.3.jar:/media/ehd/zEhdOnly/java_repository/org/springframework/boot/spring-boot-starter-tomcat/3.4.4/spring-boot-starter-tomcat-3.4.4.jar:/media/ehd/zEhdOnly/java_repository/org/apache/tomcat/embed/tomcat-embed-core/10.1.39/tomcat-embed-core-10.1.39.jar:/media/ehd/zEhdOnly/java_repository/org/apache/tomcat/embed/tomcat-embed-websocket/10.1.39/tomcat-embed-websocket-10.1.39.jar:/media/ehd/zEhdOnly/java_repository/org/springframework/spring-webmvc/6.2.5/spring-webmvc-6.2.5.jar:/media/ehd/zEhdOnly/java_repository/org/springframework/spring-aop/6.2.5/spring-aop-6.2.5.jar:/media/ehd/zEhdOnly/java_repository/org/springframework/spring-expression/6.2.5/spring-expression-6.2.5.jar:/media/ehd/zEhdOnly/java_repository/org/springframework/boot/spring-boot-starter-validation/3.4.4/spring-boot-starter-validation-3.4.4.jar:/media/ehd/zEhdOnly/java_repository/org/apache/tomcat/embed/tomcat-embed-el/10.1.39/tomcat-embed-el-10.1.39.jar:/media/ehd/zEhdOnly/java_repository/org/hibernate/validator/hibernate-validator/8.0.2.Final/hibernate-validator-8.0.2.Final.jar:/media/ehd/zEhdOnly/java_repository/jakarta/validation/jakarta.validation-api/3.0.2/jakarta.validation-api-3.0.2.jar:/media/ehd/zEhdOnly/java_repository/org/jboss/logging/jboss-logging/3.6.1.Final/jboss-logging-3.6.1.Final.jar:/media/ehd/zEhdOnly/java_repository/com/fasterxml/classmate/1.7.0/classmate-1.7.0.jar:/media/ehd/zEhdOnly/java_repository/org/springframework/security/spring-security-crypto/6.4.4/spring-security-crypto-6.4.4.jar:/media/ehd/zEhdOnly/java_repository/org/apache/httpcomponents/client5/httpclient5/5.4.2/httpclient5-5.4.2.jar:/media/ehd/zEhdOnly/java_repository/org/apache/httpcomponents/core5/httpcore5/5.3.3/httpcore5-5.3.3.jar:/media/ehd/zEhdOnly/java_repository/org/apache/httpcomponents/core5/httpcore5-h2/5.3.3/httpcore5-h2-5.3.3.jar:/media/ehd/zEhdOnly/java_repository/org/slf4j/slf4j-api/2.0.17/slf4j-api-2.0.17.jar:/media/ehd/zEhdOnly/java_repository/org/eclipse/jgit/org.eclipse.jgit/6.10.0.202406032230-r/org.eclipse.jgit-6.10.0.202406032230-r.jar:/media/ehd/zEhdOnly/java_repository/com/googlecode/javaewah/JavaEWAH/1.2.3/JavaEWAH-1.2.3.jar:/media/ehd/zEhdOnly/java_repository/commons-codec/commons-codec/1.17.2/commons-codec-1.17.2.jar:/media/ehd/zEhdOnly/java_repository/org/eclipse/jgit/org.eclipse.jgit.http.apache/6.10.0.202406032230-r/org.eclipse.jgit.http.apache-6.10.0.202406032230-r.jar:/media/ehd/zEhdOnly/java_repository/org/apache/httpcomponents/httpclient/4.5.14/httpclient-4.5.14.jar:/media/ehd/zEhdOnly/java_repository/commons-logging/commons-logging/1.2/commons-logging-1.2.jar:/media/ehd/zEhdOnly/java_repository/org/apache/httpcomponents/httpcore/4.4.16/httpcore-4.4.16.jar:/media/ehd/zEhdOnly/java_repository/org/eclipse/jgit/org.eclipse.jgit.ssh.apache/6.10.0.202406032230-r/org.eclipse.jgit.ssh.apache-6.10.0.202406032230-r.jar:/media/ehd/zEhdOnly/java_repository/org/apache/sshd/sshd-osgi/2.12.1/sshd-osgi-2.12.1.jar:/media/ehd/zEhdOnly/java_repository/org/slf4j/jcl-over-slf4j/2.0.17/jcl-over-slf4j-2.0.17.jar:/media/ehd/zEhdOnly/java_repository/org/apache/sshd/sshd-sftp/2.12.1/sshd-sftp-2.12.1.jar:/media/ehd/zEhdOnly/java_repository/net/i2p/crypto/eddsa/0.3.0/eddsa-0.3.0.jar:/media/ehd/zEhdOnly/java_repository/org/yaml/snakeyaml/2.3/snakeyaml-2.3.jar:/media/ehd/zEhdOnly/java_repository/com/fasterxml/jackson/dataformat/jackson-dataformat-yaml/2.18.3/jackson-dataformat-yaml-2.18.3.jar:/media/ehd/zEhdOnly/java_repository/com/fasterxml/jackson/core/jackson-core/2.18.3/jackson-core-2.18.3.jar:/media/ehd/zEhdOnly/java_repository/org/springframework/boot/spring-boot-starter/3.4.4/spring-boot-starter-3.4.4.jar:/media/ehd/zEhdOnly/java_repository/org/springframework/boot/spring-boot/3.4.4/spring-boot-3.4.4.jar:/media/ehd/zEhdOnly/java_repository/org/springframework/spring-context/6.2.5/spring-context-6.2.5.jar:/media/ehd/zEhdOnly/java_repository/org/springframework/boot/spring-boot-autoconfigure/3.4.4/spring-boot-autoconfigure-3.4.4.jar:/media/ehd/zEhdOnly/java_repository/org/springframework/boot/spring-boot-starter-logging/3.4.4/spring-boot-starter-logging-3.4.4.jar:/media/ehd/zEhdOnly/java_repository/ch/qos/logback/logback-classic/1.5.18/logback-classic-1.5.18.jar:/media/ehd/zEhdOnly/java_repository/ch/qos/logback/logback-core/1.5.18/logback-core-1.5.18.jar:/media/ehd/zEhdOnly/java_repository/org/apache/logging/log4j/log4j-to-slf4j/2.24.3/log4j-to-slf4j-2.24.3.jar:/media/ehd/zEhdOnly/java_repository/org/apache/logging/log4j/log4j-api/2.24.3/log4j-api-2.24.3.jar:/media/ehd/zEhdOnly/java_repository/org/slf4j/jul-to-slf4j/2.0.17/jul-to-slf4j-2.0.17.jar:/media/ehd/zEhdOnly/java_repository/jakarta/annotation/jakarta.annotation-api/2.1.1/jakarta.annotation-api-2.1.1.jar:/media/ehd/zEhdOnly/java_repository/org/springframework/spring-core/6.2.5/spring-core-6.2.5.jar:/media/ehd/zEhdOnly/java_repository/org/springframework/spring-jcl/6.2.5/spring-jcl-6.2.5.jar:/media/ehd/zEhdOnly/java_repository/org/springframework/boot/spring-boot-starter-test/3.4.4/spring-boot-starter-test-3.4.4.jar:/media/ehd/zEhdOnly/java_repository/org/springframework/boot/spring-boot-test/3.4.4/spring-boot-test-3.4.4.jar:/media/ehd/zEhdOnly/java_repository/org/springframework/boot/spring-boot-test-autoconfigure/3.4.4/spring-boot-test-autoconfigure-3.4.4.jar:/media/ehd/zEhdOnly/java_repository/com/jayway/jsonpath/json-path/2.9.0/json-path-2.9.0.jar:/media/ehd/zEhdOnly/java_repository/jakarta/xml/bind/jakarta.xml.bind-api/4.0.2/jakarta.xml.bind-api-4.0.2.jar:/media/ehd/zEhdOnly/java_repository/jakarta/activation/jakarta.activation-api/2.1.3/jakarta.activation-api-2.1.3.jar:/media/ehd/zEhdOnly/java_repository/net/minidev/json-smart/2.5.2/json-smart-2.5.2.jar:/media/ehd/zEhdOnly/java_repository/net/minidev/accessors-smart/2.5.2/accessors-smart-2.5.2.jar:/media/ehd/zEhdOnly/java_repository/org/ow2/asm/asm/9.7.1/asm-9.7.1.jar:/media/ehd/zEhdOnly/java_repository/org/assertj/assertj-core/3.26.3/assertj-core-3.26.3.jar:/media/ehd/zEhdOnly/java_repository/net/bytebuddy/byte-buddy/1.15.11/byte-buddy-1.15.11.jar:/media/ehd/zEhdOnly/java_repository/org/awaitility/awaitility/4.2.2/awaitility-4.2.2.jar:/media/ehd/zEhdOnly/java_repository/org/hamcrest/hamcrest/2.2/hamcrest-2.2.jar:/media/ehd/zEhdOnly/java_repository/org/junit/jupiter/junit-jupiter/5.11.0/junit-jupiter-5.11.0.jar:/media/ehd/zEhdOnly/java_repository/org/junit/jupiter/junit-jupiter-api/5.11.4/junit-jupiter-api-5.11.4.jar:/media/ehd/zEhdOnly/java_repository/org/opentest4j/opentest4j/1.3.0/opentest4j-1.3.0.jar:/media/ehd/zEhdOnly/java_repository/org/junit/platform/junit-platform-commons/1.11.4/junit-platform-commons-1.11.4.jar:/media/ehd/zEhdOnly/java_repository/org/apiguardian/apiguardian-api/1.1.2/apiguardian-api-1.1.2.jar:/media/ehd/zEhdOnly/java_repository/org/junit/jupiter/junit-jupiter-params/5.11.4/junit-jupiter-params-5.11.4.jar:/media/ehd/zEhdOnly/java_repository/org/junit/jupiter/junit-jupiter-engine/5.11.4/junit-jupiter-engine-5.11.4.jar:/media/ehd/zEhdOnly/java_repository/org/junit/platform/junit-platform-engine/1.11.4/junit-platform-engine-1.11.4.jar:/media/ehd/zEhdOnly/java_repository/org/mockito/mockito-core/5.14.2/mockito-core-5.14.2.jar:/media/ehd/zEhdOnly/java_repository/net/bytebuddy/byte-buddy-agent/1.15.11/byte-buddy-agent-1.15.11.jar:/media/ehd/zEhdOnly/java_repository/org/objenesis/objenesis/3.3/objenesis-3.3.jar:/media/ehd/zEhdOnly/java_repository/org/mockito/mockito-junit-jupiter/5.14.2/mockito-junit-jupiter-5.14.2.jar:/media/ehd/zEhdOnly/java_repository/org/skyscreamer/jsonassert/1.5.3/jsonassert-1.5.3.jar:/media/ehd/zEhdOnly/java_repository/com/vaadin/external/google/android-json/0.0.20131108.vaadin1/android-json-0.0.20131108.vaadin1.jar:/media/ehd/zEhdOnly/java_repository/org/springframework/spring-test/6.2.5/spring-test-6.2.5.jar:/media/ehd/zEhdOnly/java_repository/org/xmlunit/xmlunit-core/2.10.0/xmlunit-core-2.10.0.jar:/media/ehd/zEhdOnly/java_repository/org/springframework/boot/spring-boot-starter-actuator/3.4.4/spring-boot-starter-actuator-3.4.4.jar:/media/ehd/zEhdOnly/java_repository/org/springframework/boot/spring-boot-actuator-autoconfigure/3.4.4/spring-boot-actuator-autoconfigure-3.4.4.jar:/media/ehd/zEhdOnly/java_repository/org/springframework/boot/spring-boot-actuator/3.4.4/spring-boot-actuator-3.4.4.jar:/media/ehd/zEhdOnly/java_repository/com/fasterxml/jackson/datatype/jackson-datatype-jsr310/2.18.3/jackson-datatype-jsr310-2.18.3.jar:/media/ehd/zEhdOnly/java_repository/io/micrometer/micrometer-jakarta9/1.13.3/micrometer-jakarta9-1.13.3.jar:"/>
    <property name="sun.cpu.endian" value="little"/>
    <property name="user.home" value="/home/uulin"/>
    <property name="user.language" value="en"/>
    <property name="java.specification.vendor" value="Oracle Corporation"/>
    <property name="java.version.date" value="2024-10-15"/>
    <property name="java.home" value="/media/ehd/os_linux/openlogic-openjdk-21.0.5+11"/>
    <property name="file.separator" value="/"/>
    <property name="basedir" value="/media/ehd/project/gavayam/gavayam-configserver"/>
    <property name="java.vm.compressedOopsMode" value="Zero based"/>
    <property name="line.separator" value="&#10;"/>
    <property name="java.vm.specification.vendor" value="Oracle Corporation"/>
    <property name="java.specification.name" value="Java Platform API Specification"/>
    <property name="FILE_LOG_CHARSET" value="UTF-8"/>
    <property name="java.awt.headless" value="true"/>
    <property name="surefire.real.class.path" value="/media/ehd/project/gavayam/gavayam-configserver/target/surefire/surefirebooter-20250503220207658_3.jar"/>
    <property name="sun.management.compiler" value="HotSpot 64-Bit Tiered Compilers"/>
    <property name="java.runtime.version" value="21.0.5+11-adhoc.root.jdk21u"/>
    <property name="user.name" value="uulin"/>
    <property name="stdout.encoding" value="UTF-8"/>
    <property name="path.separator" value=":"/>
    <property name="os.version" value="6.11.0-21-generic"/>
    <property name="java.runtime.name" value="OpenJDK Runtime Environment"/>
    <property name="file.encoding" value="UTF-8"/>
    <property name="FILE_LOG_PATTERN" value="%d{yyyy-MM-dd HH:mm:ss} [%thread] %-5level %log{36} - %msg%n"/>
    <property name="java.vm.name" value="OpenJDK 64-Bit Server VM"/>
    <property name="java.vendor.version" value="OpenLogic-OpenJDK"/>
    <property name="LOG_FILE" value="/home/uulin/gavayam/GM-CONFIG-SERVICE.log"/>
    <property name="localRepository" value="/media/ehd/zEhdOnly/java_repository"/>
    <property name="java.vendor.url.bug" value="https://techsupport.roguewave.com/"/>
    <property name="java.io.tmpdir" value="/tmp"/>
    <property name="java.version" value="21.0.5"/>
    <property name="user.dir" value="/media/ehd/project/gavayam/gavayam-configserver"/>
    <property name="os.arch" value="amd64"/>
    <property name="java.vm.specification.name" value="Java Virtual Machine Specification"/>
    <property name="PID" value="91313"/>
    <property name="CONSOLE_LOG_CHARSET" value="UTF-8"/>
    <property name="LOGBACK_ROLLINGPOLICY_MAX_HISTORY" value="10"/>
    <property name="native.encoding" value="UTF-8"/>
    <property name="java.library.path" value="/usr/java/packages/lib:/usr/lib64:/lib64:/lib:/usr/lib"/>
    <property name="java.vm.info" value="mixed mode, sharing"/>
    <property name="stderr.encoding" value="UTF-8"/>
    <property name="java.vendor" value="OpenLogic-OpenJDK"/>
    <property name="java.vm.version" value="21.0.5+11-adhoc.root.jdk21u"/>
    <property name="sun.io.unicode.encoding" value="UnicodeLittle"/>
    <property name="java.class.version" value="65.0"/>
    <property name="CONSOLE_LOG_PATTERN" value="%d{yyyy-MM-dd HH:mm:ss} [%thread] %-5level %log{36} - %msg%n"/>
    <property name="LOGGED_APPLICATION_NAME" value="[GM-CONFIG-SERVICE] "/>
    <property name="LOGBACK_ROLLINGPOLICY_TOTAL_SIZE_CAP" value="52428800"/>
  </properties>
  <testcase name="contextLoads" classname="com.gavayam.gconfigserver.GconfigserverApplicationTests" time="2.06">
    <system-out><![CDATA[22:02:09.624 [main] INFO org.springframework.test.context.support.AnnotationConfigContextLoaderUtils -- Could not detect default configuration classes for test class [com.gavayam.gconfigserver.GconfigserverApplicationTests]: GconfigserverApplicationTests does not declare any static, non-private, non-final, nested classes annotated with @Configuration.
22:02:09.926 [main] INFO org.springframework.boot.test.context.SpringBootTestContextBootstrapper -- Found @SpringBootConfiguration com.gavayam.gconfigserver.GmConfigServerApplication for test class com.gavayam.gconfigserver.GconfigserverApplicationTests
2025-05-03 22:02:12 [main] INFO  %PARSER_ERROR[log] - Starting GconfigserverApplicationTests using Java 21.0.5 with PID 91313 (started by uulin in /media/ehd/project/gavayam/gavayam-configserver)
2025-05-03 22:02:12 [main] DEBUG %PARSER_ERROR[log] - Running with Spring Boot v3.4.4, Spring v6.2.5
2025-05-03 22:02:12 [main] INFO  %PARSER_ERROR[log] - The following 1 profile is active: "git"
2025-05-03 22:02:12 [main] DEBUG %PARSER_ERROR[log] - Refreshing org.springframework.web.context.support.GenericWebApplicationContext@2bcec6a6
2025-05-03 22:02:16 [main] INFO  %PARSER_ERROR[log] - BeanFactory id=ac9a1dfd-5366-33ca-b968-5df3b790d8ed
2025-05-03 22:02:17 [main] DEBUG %PARSER_ERROR[log] - 23 mappings in 'requestMappingHandlerMapping'
2025-05-03 22:02:18 [main] DEBUG %PARSER_ERROR[log] - Patterns [/webjars/**, /**] in 'resourceHandlerMapping'
2025-05-03 22:02:18 [main] DEBUG %PARSER_ERROR[log] - ControllerAdvice beans: 0 @ModelAttribute, 0 @InitBinder, 1 RequestBodyAdvice, 1 ResponseBodyAdvice
2025-05-03 22:02:18 [main] DEBUG %PARSER_ERROR[log] - ControllerAdvice beans: 1 @ExceptionHandler, 1 ResponseBodyAdvice
2025-05-03 22:02:22 [main] INFO  %PARSER_ERROR[log] - Exposing 17 endpoints beneath base path '/actuator'
2025-05-03 22:02:23 [main] INFO  %PARSER_ERROR[log] - Started GconfigserverApplicationTests in 12.148 seconds (process running for 15.383)
]]></system-out>
    <system-err><![CDATA[Mockito is currently self-attaching to enable the inline-mock-maker. This will no longer work in future releases of the JDK. Please add Mockito as an agent to your build what is described in Mockito's documentation: https://javadoc.io/doc/org.mockito/mockito-core/latest/org/mockito/Mockito.html#0.3
WARNING: A Java agent has been loaded dynamically (/media/ehd/zEhdOnly/java_repository/net/bytebuddy/byte-buddy-agent/1.15.11/byte-buddy-agent-1.15.11.jar)
WARNING: If a serviceability tool is in use, please run with -XX:+EnableDynamicAgentLoading to hide this warning
WARNING: If a serviceability tool is not in use, please run with -Djdk.instrument.traceUsage for more information
WARNING: Dynamic loading of agents will be disallowed by default in a future release
]]></system-err>
  </testcase>
</testsuite>